071101 10:33:01 [Note] \usr\local\mysql\bin\mysqld-opt.exe: ready for connections.
Version: '5.0.41-community-nt'  socket: ''  port: 3306  MySQL Community Edition (GPL)
071101 11:06:00 [Note] \usr\local\mysql\bin\mysqld-opt.exe: ready for connections.
Version: '5.0.41-community-nt'  socket: ''  port: 3306  MySQL Community Edition (GPL)
071101 11:06:39 [Note] \usr\local\mysql\bin\mysqld-opt.exe: Normal shutdown

071101 11:06:39 [Note] \usr\local\mysql\bin\mysqld-opt.exe: Shutdown complete

071101 11:06:41 [Note] \usr\local\mysql\bin\mysqld-opt.exe: ready for connections.
Version: '5.0.41-community-nt'  socket: ''  port: 3306  MySQL Community Edition (GPL)
Error in my_thread_global_end(): 1 threads didn't exit
Can't start server: Bind on TCP/IP port: Invalid argument
071101 11:07:19 [ERROR] Do you already have another mysqld server running on port: 3306 ?
071101 11:07:19 [ERROR] Aborting

071101 11:07:19 [Note] \usr\local\mysql\bin\mysqld-opt.exe: Shutdown complete

071101 11:07:21 [Note] \usr\local\mysql\bin\mysqld-opt.exe: Normal shutdown

071101 11:07:21 [Note] \usr\local\mysql\bin\mysqld-opt.exe: Shutdown complete

Error in my_thread_global_end(): 1 threads didn't exit
071101 11:08:26 [Note] \usr\local\mysql\bin\mysqld-opt.exe: ready for connections.
Version: '5.0.41-community-nt'  socket: ''  port: 3306  MySQL Community Edition (GPL)
071101 11:08:57 [Note] \usr\local\mysql\bin\mysqld-opt.exe: Normal shutdown

071101 11:08:57 [Note] \usr\local\mysql\bin\mysqld-opt.exe: Shutdown complete

Error in my_thread_global_end(): 1 threads didn't exit
071101 11:20:10 [Note] \usr\local\mysql\bin\mysqld-opt.exe: ready for connections.
Version: '5.0.41-community-nt'  socket: ''  port: 3306  MySQL Community Edition (GPL)
071101 12:16:31 [Note] \usr\local\mysql\bin\mysqld-opt.exe: ready for connections.
Version: '5.0.41-community-nt'  socket: ''  port: 3306  MySQL Community Edition (GPL)
071101 12:32:10 [Note] \usr\local\mysql\bin\mysqld-opt.exe: ready for connections.
Version: '5.0.41-community-nt'  socket: ''  port: 3306  MySQL Community Edition (GPL)
071101 12:33:00 [Note] \usr\local\mysql\bin\mysqld-opt.exe: ready for connections.
Version: '5.0.41-community-nt'  socket: ''  port: 3306  MySQL Community Edition (GPL)
071101 13:15:36 [Note] \usr\local\mysql\bin\mysqld-opt.exe: ready for connections.
Version: '5.0.41-community-nt'  socket: ''  port: 3306  MySQL Community Edition (GPL)
071101 13:33:02 [Note] \usr\local\mysql\bin\mysqld-opt.exe: ready for connections.
Version: '5.0.41-community-nt'  socket: ''  port: 3306  MySQL Community Edition (GPL)
071101 13:48:12 [Note] \usr\local\mysql\bin\mysqld-opt.exe: ready for connections.
Version: '5.0.41-community-nt'  socket: ''  port: 3306  MySQL Community Edition (GPL)
071101 13:49:01 [Note] \usr\local\mysql\bin\mysqld-opt.exe: ready for connections.
Version: '5.0.41-community-nt'  socket: ''  port: 3306  MySQL Community Edition (GPL)
071101 13:55:24 [Note] \usr\local\mysql\bin\mysqld-opt.exe: ready for connections.
Version: '5.0.41-community-nt'  socket: ''  port: 3306  MySQL Community Edition (GPL)
071101 14:12:29 [Note] \usr\local\mysql\bin\mysqld-opt.exe: ready for connections.
Version: '5.0.41-community-nt'  socket: ''  port: 3306  MySQL Community Edition (GPL)
071101 14:13:19 [Note] \usr\local\mysql\bin\mysqld-opt.exe: ready for connections.
Version: '5.0.41-community-nt'  socket: ''  port: 3306  MySQL Community Edition (GPL)
Can't start server: Bind on TCP/IP port: Invalid argument
071101 14:14:20 [ERROR] Do you already have another mysqld server running on port: 3306 ?
071101 14:14:20 [ERROR] Aborting

071101 14:14:20 [Note] \usr\local\mysql\bin\mysqld-opt.exe: Shutdown complete

071101 14:14:21 [Note] \usr\local\mysql\bin\mysqld-opt.exe: Normal shutdown

071101 14:14:22 [Note] \usr\local\mysql\bin\mysqld-opt.exe: Shutdown complete

Error in my_thread_global_end(): 1 threads didn't exit
071101 14:14:54 [Note] \usr\local\mysql\bin\mysqld-opt.exe: ready for connections.
Version: '5.0.41-community-nt'  socket: ''  port: 3306  MySQL Community Edition (GPL)
071101 14:14:55 [Note] \usr\local\mysql\bin\mysqld-opt.exe: Normal shutdown

071101 14:14:55 [Note] \usr\local\mysql\bin\mysqld-opt.exe: Shutdown complete

Error in my_thread_global_end(): 1 threads didn't exit
071101 14:42:11 [Note] \usr\local\mysql\bin\mysqld-opt.exe: ready for connections.
Version: '5.0.41-community-nt'  socket: ''  port: 3306  MySQL Community Edition (GPL)
Can't start server: Bind on TCP/IP port: Invalid argument
071101 14:44:39 [ERROR] Do you already have another mysqld server running on port: 3306 ?
071101 14:44:39 [ERROR] Aborting

071101 14:44:39 [Note] \usr\local\mysql\bin\mysqld-opt.exe: Shutdown complete

071101 14:44:40 [Note] \usr\local\mysql\bin\mysqld-opt.exe: Normal shutdown

071101 14:44:40 [Note] \usr\local\mysql\bin\mysqld-opt.exe: Shutdown complete

Error in my_thread_global_end(): 1 threads didn't exit
071101 14:52:56 [Note] \usr\local\mysql\bin\mysqld-opt.exe: ready for connections.
Version: '5.0.41-community-nt'  socket: ''  port: 3306  MySQL Community Edition (GPL)
071101 14:52:58 [Note] \usr\local\mysql\bin\mysqld-opt.exe: Normal shutdown

071101 14:52:58 [Note] \usr\local\mysql\bin\mysqld-opt.exe: Shutdown complete

Error in my_thread_global_end(): 1 threads didn't exit
071101 14:53:33 [Note] \usr\local\mysql\bin\mysqld-opt.exe: ready for connections.
Version: '5.0.41-community-nt'  socket: ''  port: 3306  MySQL Community Edition (GPL)
071101 14:56:51 [Note] \usr\local\mysql\bin\mysqld-opt.exe: ready for connections.
Version: '5.0.41-community-nt'  socket: ''  port: 3306  MySQL Community Edition (GPL)
071101 15:01:41 [Note] \usr\local\mysql\bin\mysqld-opt.exe: ready for connections.
Version: '5.0.41-community-nt'  socket: ''  port: 3306  MySQL Community Edition (GPL)
071101 15:24:59 [Note] \usr\local\mysql\bin\mysqld-opt.exe: Normal shutdown

071101 15:24:59 [Note] \usr\local\mysql\bin\mysqld-opt.exe: Shutdown complete

Error in my_thread_global_end(): 1 threads didn't exit
071101 15:43:40 [Note] \usr\local\mysql\bin\mysqld-opt.exe: ready for connections.
Version: '5.0.41-community-nt'  socket: ''  port: 3306  MySQL Community Edition (GPL)
071101 16:31:46 [Note] \usr\local\mysql\bin\mysqld-opt.exe: ready for connections.
Version: '5.0.41-community-nt'  socket: ''  port: 3306  MySQL Community Edition (GPL)
071101 17:42:11 [Note] \usr\local\mysql\bin\mysqld-opt.exe: ready for connections.
Version: '5.0.41-community-nt'  socket: ''  port: 3306  MySQL Community Edition (GPL)
071101 17:55:47 [Note] \usr\local\mysql\bin\mysqld-opt.exe: ready for connections.
Version: '5.0.41-community-nt'  socket: ''  port: 3306  MySQL Community Edition (GPL)
071101 18:22:21 [Note] \usr\local\mysql\bin\mysqld-opt.exe: ready for connections.
Version: '5.0.41-community-nt'  socket: ''  port: 3306  MySQL Community Edition (GPL)
071101 18:22:45 [Note] \usr\local\mysql\bin\mysqld-opt.exe: ready for connections.
Version: '5.0.41-community-nt'  socket: ''  port: 3306  MySQL Community Edition (GPL)
071101 18:23:27 [Note] \usr\local\mysql\bin\mysqld-opt.exe: ready for connections.
Version: '5.0.41-community-nt'  socket: ''  port: 3306  MySQL Community Edition (GPL)
071101 18:23:55 [Note] \usr\local\mysql\bin\mysqld-opt.exe: ready for connections.
Version: '5.0.41-community-nt'  socket: ''  port: 3306  MySQL Community Edition (GPL)
071101 18:31:21 [Note] \usr\local\mysql\bin\mysqld-opt.exe: ready for connections.
Version: '5.0.41-community-nt'  socket: ''  port: 3306  MySQL Community Edition (GPL)
071101 18:31:43 [Note] \usr\local\mysql\bin\mysqld-opt.exe: ready for connections.
Version: '5.0.41-community-nt'  socket: ''  port: 3306  MySQL Community Edition (GPL)
071101 18:33:21 [Note] \usr\local\mysql\bin\mysqld-opt.exe: ready for connections.
Version: '5.0.41-community-nt'  socket: ''  port: 3306  MySQL Community Edition (GPL)
071101 18:35:20 [Note] \usr\local\mysql\bin\mysqld-opt.exe: ready for connections.
Version: '5.0.41-community-nt'  socket: ''  port: 3306  MySQL Community Edition (GPL)
Can't start server: Bind on TCP/IP port: Invalid argument
071101 18:36:04 [ERROR] Do you already have another mysqld server running on port: 3306 ?
071101 18:36:04 [ERROR] Aborting

071101 18:36:04 [Note] \usr\local\mysql\bin\mysqld-opt.exe: Shutdown complete

071101 18:36:05 [Note] \usr\local\mysql\bin\mysqld-opt.exe: Normal shutdown

071101 18:36:05 [Note] \usr\local\mysql\bin\mysqld-opt.exe: Shutdown complete

Error in my_thread_global_end(): 1 threads didn't exit
071101 18:36:54 [Note] \usr\local\mysql\bin\mysqld-opt.exe: ready for connections.
Version: '5.0.41-community-nt'  socket: ''  port: 3306  MySQL Community Edition (GPL)
071101 18:37:21 [Note] \usr\local\mysql\bin\mysqld-opt.exe: ready for connections.
Version: '5.0.41-community-nt'  socket: ''  port: 3306  MySQL Community Edition (GPL)
071101 18:37:42 [Note] \usr\local\mysql\bin\mysqld-opt.exe: ready for connections.
Version: '5.0.41-community-nt'  socket: ''  port: 3306  MySQL Community Edition (GPL)
071101  8:27:36 [Note] \usr\local\mysql\bin\mysqld-opt.exe: ready for connections.
Version: '5.0.41-community-nt'  socket: ''  port: 3306  MySQL Community Edition (GPL)
071101  8:29:32 [Note] \usr\local\mysql\bin\mysqld-opt.exe: ready for connections.
Version: '5.0.41-community-nt'  socket: ''  port: 3306  MySQL Community Edition (GPL)
071106  0:05:43 [Note] \usr\local\mysql\bin\mysqld-opt.exe: ready for connections.
Version: '5.0.41-community-nt'  socket: ''  port: 3306  MySQL Community Edition (GPL)
071106  0:20:16 [Note] \usr\local\mysql\bin\mysqld-opt.exe: ready for connections.
Version: '5.0.41-community-nt'  socket: ''  port: 3306  MySQL Community Edition (GPL)
071120 17:38:11 [Note] \usr\local\mysql\bin\mysqld-opt.exe: ready for connections.
Version: '5.0.41-community-nt'  socket: ''  port: 3306  MySQL Community Edition (GPL)
071120 17:38:22 [Note] \usr\local\mysql\bin\mysqld-opt.exe: ready for connections.
Version: '5.0.41-community-nt'  socket: ''  port: 3306  MySQL Community Edition (GPL)
071120 17:38:23 [Note] \usr\local\mysql\bin\mysqld-opt.exe: Normal shutdown

071120 17:38:23 [Note] \usr\local\mysql\bin\mysqld-opt.exe: Shutdown complete

Error in my_thread_global_end(): 1 threads didn't exit
071120 17:38:31 [Note] \usr\local\mysql\bin\mysqld-opt.exe: ready for connections.
Version: '5.0.41-community-nt'  socket: ''  port: 3306  MySQL Community Edition (GPL)
071120 17:39:04 [Note] \usr\local\mysql\bin\mysqld-opt.exe: ready for connections.
Version: '5.0.41-community-nt'  socket: ''  port: 3306  MySQL Community Edition (GPL)
071122 17:54:43 [Note] \usr\local\mysql\bin\mysqld-opt.exe: ready for connections.
Version: '5.0.41-community-nt'  socket: ''  port: 3306  MySQL Community Edition (GPL)
071122 17:58:47 [Note] \usr\local\mysql\bin\mysqld-opt.exe: ready for connections.
Version: '5.0.41-community-nt'  socket: ''  port: 3306  MySQL Community Edition (GPL)
071125 22:05:33 [Note] \usr\local\mysql\bin\mysqld-opt.exe: ready for connections.
Version: '5.0.41-community-nt'  socket: ''  port: 3306  MySQL Community Edition (GPL)
071126  0:09:59 [Note] \usr\local\mysql\bin\mysqld-opt.exe: ready for connections.
Version: '5.0.41-community-nt'  socket: ''  port: 3306  MySQL Community Edition (GPL)
071126  1:06:52 [Note] \usr\local\mysql\bin\mysqld-opt.exe: ready for connections.
Version: '5.0.41-community-nt'  socket: ''  port: 3306  MySQL Community Edition (GPL)
Can't start server: Bind on TCP/IP port: Invalid argument
071126  1:11:51 [ERROR] Do you already have another mysqld server running on port: 3306 ?
071126  1:11:51 [ERROR] Aborting

071126  1:11:51 [Note] \usr\local\mysql\bin\mysqld-opt.exe: Shutdown complete

071126  1:11:52 [Note] \usr\local\mysql\bin\mysqld-opt.exe: Normal shutdown

071126  1:11:52 [Note] \usr\local\mysql\bin\mysqld-opt.exe: Shutdown complete

Error in my_thread_global_end(): 1 threads didn't exit
071126  1:12:02 [Note] \usr\local\mysql\bin\mysqld-opt.exe: ready for connections.
Version: '5.0.41-community-nt'  socket: ''  port: 3306  MySQL Community Edition (GPL)
071126  1:12:03 [Note] \usr\local\mysql\bin\mysqld-opt.exe: Normal shutdown

071126  1:12:03 [Note] \usr\local\mysql\bin\mysqld-opt.exe: Shutdown complete

Error in my_thread_global_end(): 1 threads didn't exit
071126  1:12:12 [Note] \usr\local\mysql\bin\mysqld-opt.exe: ready for connections.
Version: '5.0.41-community-nt'  socket: ''  port: 3306  MySQL Community Edition (GPL)
071126  1:20:59 [Note] \usr\local\mysql\bin\mysqld-opt.exe: ready for connections.
Version: '5.0.41-community-nt'  socket: ''  port: 3306  MySQL Community Edition (GPL)
