[Thu Nov 01 10:33:02 2007] [notice] Apache/2.0.59 (Win32) DAV/2 PHP/5.2.3 configured -- resuming normal operations
[Thu Nov 01 10:33:02 2007] [notice] Server built: Jul 27 2006 15:55:03
[Thu Nov 01 10:33:02 2007] [notice] Parent: Created child process 5068
[Thu Nov 01 10:33:02 2007] [notice] Child 5068: Child process is running
[Thu Nov 01 10:33:02 2007] [notice] Child 5068: Acquired the start mutex.
[Thu Nov 01 10:33:02 2007] [notice] Child 5068: Starting 250 worker threads.
[Thu Nov 01 11:06:03 2007] [notice] Apache/2.0.59 (Win32) DAV/2 PHP/5.2.3 configured -- resuming normal operations
[Thu Nov 01 11:06:03 2007] [notice] Server built: Jul 27 2006 15:55:03
[Thu Nov 01 11:06:03 2007] [notice] Parent: Created child process 3616
[Thu Nov 01 11:06:03 2007] [notice] Child 3616: Child process is running
[Thu Nov 01 11:06:03 2007] [notice] Child 3616: Acquired the start mutex.
[Thu Nov 01 11:06:03 2007] [notice] Child 3616: Starting 250 worker threads.
[Thu Nov 01 11:06:41 2007] [notice] Apache/2.0.59 (Win32) DAV/2 PHP/5.2.3 configured -- resuming normal operations
[Thu Nov 01 11:06:41 2007] [notice] Server built: Jul 27 2006 15:55:03
[Thu Nov 01 11:06:41 2007] [notice] Parent: Created child process 5392
[Thu Nov 01 11:06:41 2007] [notice] Child 5392: Child process is running
[Thu Nov 01 11:06:41 2007] [notice] Child 5392: Acquired the start mutex.
[Thu Nov 01 11:06:41 2007] [notice] Child 5392: Starting 250 worker threads.
[Thu Nov 01 11:07:21 2007] [error] [client 127.0.0.1] File does not exist: W:/home/admin/www/
[Thu Nov 01 11:07:28 2007] [error] [client 127.0.0.1] File does not exist: W:/home/admin/www/
[Thu Nov 01 11:07:33 2007] [error] [client 127.0.0.1] File does not exist: W:/www/
[Thu Nov 01 11:08:27 2007] [notice] Apache/2.0.59 (Win32) DAV/2 PHP/5.2.3 configured -- resuming normal operations
[Thu Nov 01 11:08:27 2007] [notice] Server built: Jul 27 2006 15:55:03
[Thu Nov 01 11:08:27 2007] [notice] Parent: Created child process 4888
[Thu Nov 01 11:08:27 2007] [notice] Child 4888: Child process is running
[Thu Nov 01 11:08:27 2007] [notice] Child 4888: Acquired the start mutex.
[Thu Nov 01 11:08:27 2007] [notice] Child 4888: Starting 250 worker threads.
[Thu Nov 01 11:20:10 2007] [notice] Apache/2.0.59 (Win32) DAV/2 PHP/5.2.3 configured -- resuming normal operations
[Thu Nov 01 11:20:10 2007] [notice] Server built: Jul 27 2006 15:55:03
[Thu Nov 01 11:20:10 2007] [notice] Parent: Created child process 5652
[Thu Nov 01 11:20:10 2007] [notice] Child 5652: Child process is running
[Thu Nov 01 11:20:10 2007] [notice] Child 5652: Acquired the start mutex.
[Thu Nov 01 11:20:10 2007] [notice] Child 5652: Starting 250 worker threads.
[Thu Nov 01 11:20:17 2007] [error] [client 127.0.0.1] File does not exist: W:/www/sahana
[Thu Nov 01 11:20:35 2007] [error] [client 127.0.0.1] File does not exist: W:/www/sahana
[Thu Nov 01 12:16:31 2007] [notice] Apache/2.0.59 (Win32) DAV/2 PHP/5.2.3 configured -- resuming normal operations
[Thu Nov 01 12:16:31 2007] [notice] Server built: Jul 27 2006 15:55:03
[Thu Nov 01 12:16:31 2007] [notice] Parent: Created child process 5872
[Thu Nov 01 12:16:32 2007] [notice] Child 5872: Child process is running
[Thu Nov 01 12:16:32 2007] [notice] Child 5872: Acquired the start mutex.
[Thu Nov 01 12:16:32 2007] [notice] Child 5872: Starting 250 worker threads.
[Thu Nov 01 12:32:11 2007] [notice] Apache/2.0.59 (Win32) DAV/2 PHP/5.2.3 configured -- resuming normal operations
[Thu Nov 01 12:32:11 2007] [notice] Server built: Jul 27 2006 15:55:03
[Thu Nov 01 12:32:11 2007] [notice] Parent: Created child process 4984
[Thu Nov 01 12:32:11 2007] [notice] Child 4984: Child process is running
[Thu Nov 01 12:32:11 2007] [notice] Child 4984: Acquired the start mutex.
[Thu Nov 01 12:32:11 2007] [notice] Child 4984: Starting 250 worker threads.
[Thu Nov 01 12:33:01 2007] [notice] Apache/2.0.59 (Win32) DAV/2 PHP/5.2.3 configured -- resuming normal operations
[Thu Nov 01 12:33:01 2007] [notice] Server built: Jul 27 2006 15:55:03
[Thu Nov 01 12:33:01 2007] [notice] Parent: Created child process 5644
[Thu Nov 01 12:33:01 2007] [notice] Child 5644: Child process is running
[Thu Nov 01 12:33:01 2007] [notice] Child 5644: Acquired the start mutex.
[Thu Nov 01 12:33:01 2007] [notice] Child 5644: Starting 250 worker threads.
[Thu Nov 01 13:15:36 2007] [notice] Apache/2.0.59 (Win32) DAV/2 PHP/5.2.3 configured -- resuming normal operations
[Thu Nov 01 13:15:36 2007] [notice] Server built: Jul 27 2006 15:55:03
[Thu Nov 01 13:15:36 2007] [notice] Parent: Created child process 2332
[Thu Nov 01 13:15:37 2007] [notice] Child 2332: Child process is running
[Thu Nov 01 13:15:37 2007] [notice] Child 2332: Acquired the start mutex.
[Thu Nov 01 13:15:37 2007] [notice] Child 2332: Starting 250 worker threads.
[Thu Nov 01 13:33:03 2007] [notice] Apache/2.0.59 (Win32) DAV/2 PHP/5.2.3 configured -- resuming normal operations
[Thu Nov 01 13:33:03 2007] [notice] Server built: Jul 27 2006 15:55:03
[Thu Nov 01 13:33:03 2007] [notice] Parent: Created child process 5672
[Thu Nov 01 13:33:03 2007] [notice] Child 5672: Child process is running
[Thu Nov 01 13:33:03 2007] [notice] Child 5672: Acquired the start mutex.
[Thu Nov 01 13:33:03 2007] [notice] Child 5672: Starting 250 worker threads.
[Thu Nov 01 13:48:12 2007] [notice] Apache/2.0.59 (Win32) DAV/2 PHP/5.2.3 configured -- resuming normal operations
[Thu Nov 01 13:48:12 2007] [notice] Server built: Jul 27 2006 15:55:03
[Thu Nov 01 13:48:12 2007] [notice] Parent: Created child process 4200
[Thu Nov 01 13:48:12 2007] [notice] Child 4200: Child process is running
[Thu Nov 01 13:48:12 2007] [notice] Child 4200: Acquired the start mutex.
[Thu Nov 01 13:48:12 2007] [notice] Child 4200: Starting 250 worker threads.
[Thu Nov 01 13:49:01 2007] [notice] Apache/2.0.59 (Win32) DAV/2 PHP/5.2.3 configured -- resuming normal operations
[Thu Nov 01 13:49:01 2007] [notice] Server built: Jul 27 2006 15:55:03
[Thu Nov 01 13:49:01 2007] [notice] Parent: Created child process 5972
[Thu Nov 01 13:49:01 2007] [notice] Child 5972: Child process is running
[Thu Nov 01 13:49:01 2007] [notice] Child 5972: Acquired the start mutex.
[Thu Nov 01 13:49:01 2007] [notice] Child 5972: Starting 250 worker threads.
[Thu Nov 01 13:55:24 2007] [notice] Apache/2.0.59 (Win32) DAV/2 PHP/5.2.3 configured -- resuming normal operations
[Thu Nov 01 13:55:24 2007] [notice] Server built: Jul 27 2006 15:55:03
[Thu Nov 01 13:55:24 2007] [notice] Parent: Created child process 288
[Thu Nov 01 13:55:24 2007] [notice] Child 288: Child process is running
[Thu Nov 01 13:55:24 2007] [notice] Child 288: Acquired the start mutex.
[Thu Nov 01 13:55:24 2007] [notice] Child 288: Starting 250 worker threads.
[Thu Nov 01 14:12:29 2007] [notice] Apache/2.0.59 (Win32) DAV/2 PHP/5.2.3 configured -- resuming normal operations
[Thu Nov 01 14:12:29 2007] [notice] Server built: Jul 27 2006 15:55:03
[Thu Nov 01 14:12:29 2007] [notice] Parent: Created child process 5532
[Thu Nov 01 14:12:29 2007] [notice] Child 5532: Child process is running
[Thu Nov 01 14:12:29 2007] [notice] Child 5532: Acquired the start mutex.
[Thu Nov 01 14:12:29 2007] [notice] Child 5532: Starting 250 worker threads.
[Thu Nov 01 14:12:30 2007] [error] [client 127.0.0.1] File does not exist: W:/www/www
[Thu Nov 01 14:13:19 2007] [notice] Apache/2.0.59 (Win32) DAV/2 PHP/5.2.3 configured -- resuming normal operations
[Thu Nov 01 14:13:19 2007] [notice] Server built: Jul 27 2006 15:55:03
[Thu Nov 01 14:13:19 2007] [notice] Parent: Created child process 1496
[Thu Nov 01 14:13:19 2007] [notice] Child 1496: Child process is running
[Thu Nov 01 14:13:19 2007] [notice] Child 1496: Acquired the start mutex.
[Thu Nov 01 14:13:19 2007] [notice] Child 1496: Starting 250 worker threads.
[Thu Nov 01 14:13:20 2007] [error] [client 127.0.0.1] File does not exist: W:/www/www
[Thu Nov 01 14:14:21 2007] [error] [client 127.0.0.1] File does not exist: W:/www/www/sahana
[Thu Nov 01 14:14:55 2007] [error] [client 127.0.0.1] File does not exist: W:/www/www/sahana
[Thu Nov 01 14:42:11 2007] [notice] Apache/2.0.59 (Win32) DAV/2 PHP/5.2.3 configured -- resuming normal operations
[Thu Nov 01 14:42:11 2007] [notice] Server built: Jul 27 2006 15:55:03
[Thu Nov 01 14:42:11 2007] [notice] Parent: Created child process 4036
[Thu Nov 01 14:42:11 2007] [notice] Child 4036: Child process is running
[Thu Nov 01 14:42:11 2007] [notice] Child 4036: Acquired the start mutex.
[Thu Nov 01 14:42:11 2007] [notice] Child 4036: Starting 250 worker threads.
[Thu Nov 01 14:42:14 2007] [error] [client 127.0.0.1] File does not exist: W:/www/sahana
[Thu Nov 01 14:43:54 2007] [error] [client 127.0.0.1] File does not exist: W:/www/
[Thu Nov 01 14:53:33 2007] [notice] Apache/2.0.59 (Win32) DAV/2 PHP/5.2.3 configured -- resuming normal operations
[Thu Nov 01 14:53:33 2007] [notice] Server built: Jul 27 2006 15:55:03
[Thu Nov 01 14:53:33 2007] [notice] Parent: Created child process 220
[Thu Nov 01 14:53:33 2007] [notice] Child 220: Child process is running
[Thu Nov 01 14:53:33 2007] [notice] Child 220: Acquired the start mutex.
[Thu Nov 01 14:53:33 2007] [notice] Child 220: Starting 250 worker threads.
[Thu Nov 01 14:56:51 2007] [notice] Apache/2.0.59 (Win32) DAV/2 PHP/5.2.3 configured -- resuming normal operations
[Thu Nov 01 14:56:51 2007] [notice] Server built: Jul 27 2006 15:55:03
[Thu Nov 01 14:56:51 2007] [notice] Parent: Created child process 2256
[Thu Nov 01 14:56:51 2007] [notice] Child 2256: Child process is running
[Thu Nov 01 14:56:51 2007] [notice] Child 2256: Acquired the start mutex.
[Thu Nov 01 14:56:51 2007] [notice] Child 2256: Starting 250 worker threads.
[Thu Nov 01 15:01:41 2007] [notice] Apache/2.0.59 (Win32) DAV/2 PHP/5.2.3 configured -- resuming normal operations
[Thu Nov 01 15:01:41 2007] [notice] Server built: Jul 27 2006 15:55:03
[Thu Nov 01 15:01:41 2007] [notice] Parent: Created child process 2824
[Thu Nov 01 15:01:41 2007] [notice] Child 2824: Child process is running
[Thu Nov 01 15:01:41 2007] [notice] Child 2824: Acquired the start mutex.
[Thu Nov 01 15:01:41 2007] [notice] Child 2824: Starting 250 worker threads.
[Thu Nov 01 15:25:12 2007] [error] [client 127.0.0.1] File does not exist: W:/www/sahana/www/
[Thu Nov 01 15:30:35 2007] [error] [client 127.0.0.1] File does not exist: W:/www/www
[Thu Nov 01 15:31:45 2007] [error] [client 127.0.0.1] File does not exist: W:/www/www
[Thu Nov 01 15:43:40 2007] [notice] Apache/2.0.59 (Win32) DAV/2 PHP/5.2.3 configured -- resuming normal operations
[Thu Nov 01 15:43:40 2007] [notice] Server built: Jul 27 2006 15:55:03
[Thu Nov 01 15:43:40 2007] [notice] Parent: Created child process 5652
[Thu Nov 01 15:43:40 2007] [notice] Child 5652: Child process is running
[Thu Nov 01 15:43:40 2007] [notice] Child 5652: Acquired the start mutex.
[Thu Nov 01 15:43:40 2007] [notice] Child 5652: Starting 250 worker threads.
[Thu Nov 01 16:31:47 2007] [notice] Apache/2.0.59 (Win32) DAV/2 PHP/5.2.3 configured -- resuming normal operations
[Thu Nov 01 16:31:47 2007] [notice] Server built: Jul 27 2006 15:55:03
[Thu Nov 01 16:31:47 2007] [notice] Parent: Created child process 4644
[Thu Nov 01 16:31:48 2007] [notice] Child 4644: Child process is running
[Thu Nov 01 16:31:48 2007] [notice] Child 4644: Acquired the start mutex.
[Thu Nov 01 16:31:48 2007] [notice] Child 4644: Starting 250 worker threads.
[Thu Nov 01 16:31:48 2007] [error] [client 127.0.0.1] File does not exist: W:/www/www/sahana
[Thu Nov 01 16:31:54 2007] [error] [client 127.0.0.1] File does not exist: W:/www/www/sahana
[Thu Nov 01 16:32:09 2007] [error] [client 127.0.0.1] File does not exist: W:/www/sahana
[Thu Nov 01 16:43:01 2007] [error] [client 127.0.0.1] File does not exist: W:/www/sahana
[Thu Nov 01 16:44:33 2007] [error] [client 127.0.0.1] File does not exist: W:/www/favicon.ico
[Thu Nov 01 16:44:35 2007] [error] [client 127.0.0.1] File does not exist: W:/www/favicon.ico
[Thu Nov 01 17:42:11 2007] [notice] Apache/2.0.59 (Win32) DAV/2 PHP/5.2.3 configured -- resuming normal operations
[Thu Nov 01 17:42:11 2007] [notice] Server built: Jul 27 2006 15:55:03
[Thu Nov 01 17:42:11 2007] [notice] Parent: Created child process 5664
[Thu Nov 01 17:42:11 2007] [notice] Child 5664: Child process is running
[Thu Nov 01 17:42:11 2007] [notice] Child 5664: Acquired the start mutex.
[Thu Nov 01 17:42:11 2007] [notice] Child 5664: Starting 250 worker threads.
[Thu Nov 01 17:55:47 2007] [notice] Apache/2.0.59 (Win32) DAV/2 PHP/5.2.3 configured -- resuming normal operations
[Thu Nov 01 17:55:47 2007] [notice] Server built: Jul 27 2006 15:55:03
[Thu Nov 01 17:55:47 2007] [notice] Parent: Created child process 3700
[Thu Nov 01 17:55:47 2007] [notice] Child 3700: Child process is running
[Thu Nov 01 17:55:47 2007] [notice] Child 3700: Acquired the start mutex.
[Thu Nov 01 17:55:47 2007] [notice] Child 3700: Starting 250 worker threads.
[Thu Nov 01 17:58:58 2007] [error] [client 127.0.0.1] PHP Fatal error:  Allowed memory size of 33554432 bytes exhausted (tried to allocate 35 bytes) in W:\\www\\sahana\\inc\\lib_errors.inc on line 30, referer: http://localhost/sahana/www/index.php?mod=or&act=default
[Thu Nov 01 17:59:07 2007] [error] [client 127.0.0.1] PHP Fatal error:  Allowed memory size of 33554432 bytes exhausted (tried to allocate 12 bytes) in W:\\www\\sahana\\inc\\lib_errors.inc on line 243, referer: http://localhost/sahana/www/index.php?mod=or&act=default
[Thu Nov 01 18:22:21 2007] [notice] Apache/2.0.59 (Win32) DAV/2 PHP/5.2.3 configured -- resuming normal operations
[Thu Nov 01 18:22:21 2007] [notice] Server built: Jul 27 2006 15:55:03
[Thu Nov 01 18:22:21 2007] [notice] Parent: Created child process 5352
[Thu Nov 01 18:22:21 2007] [notice] Child 5352: Child process is running
[Thu Nov 01 18:22:21 2007] [notice] Child 5352: Acquired the start mutex.
[Thu Nov 01 18:22:21 2007] [notice] Child 5352: Starting 250 worker threads.
[Thu Nov 01 18:22:45 2007] [notice] Apache/2.0.59 (Win32) DAV/2 PHP/5.2.3 configured -- resuming normal operations
[Thu Nov 01 18:22:45 2007] [notice] Server built: Jul 27 2006 15:55:03
[Thu Nov 01 18:22:45 2007] [notice] Parent: Created child process 4736
[Thu Nov 01 18:22:45 2007] [notice] Child 4736: Child process is running
[Thu Nov 01 18:22:45 2007] [notice] Child 4736: Acquired the start mutex.
[Thu Nov 01 18:22:45 2007] [notice] Child 4736: Starting 250 worker threads.
[Thu Nov 01 18:22:50 2007] [error] [client 127.0.0.1] File does not exist: W:/www/sahana/www/
[Thu Nov 01 18:22:57 2007] [error] [client 127.0.0.1] File does not exist: W:/www/sahana/www/
[Thu Nov 01 18:23:06 2007] [error] [client 127.0.0.1] File does not exist: W:/www/sahana/www/
[Thu Nov 01 18:23:21 2007] [error] [client 127.0.0.1] File does not exist: W:/www/sahana/www/
[Thu Nov 01 18:23:21 2007] [error] [client 127.0.0.1] File does not exist: W:/www/favicon.ico
[Thu Nov 01 18:23:21 2007] [error] [client 127.0.0.1] File does not exist: W:/www/favicon.ico
[Thu Nov 01 18:23:21 2007] [error] [client 127.0.0.1] File does not exist: W:/www/favicon.ico
[Thu Nov 01 18:23:27 2007] [notice] Apache/2.0.59 (Win32) DAV/2 PHP/5.2.3 configured -- resuming normal operations
[Thu Nov 01 18:23:27 2007] [notice] Server built: Jul 27 2006 15:55:03
[Thu Nov 01 18:23:27 2007] [notice] Parent: Created child process 2796
[Thu Nov 01 18:23:28 2007] [notice] Child 2796: Child process is running
[Thu Nov 01 18:23:28 2007] [notice] Child 2796: Acquired the start mutex.
[Thu Nov 01 18:23:28 2007] [notice] Child 2796: Starting 250 worker threads.
[Thu Nov 01 18:23:55 2007] [notice] Apache/2.0.59 (Win32) DAV/2 PHP/5.2.3 configured -- resuming normal operations
[Thu Nov 01 18:23:55 2007] [notice] Server built: Jul 27 2006 15:55:03
[Thu Nov 01 18:23:55 2007] [notice] Parent: Created child process 756
[Thu Nov 01 18:23:55 2007] [notice] Child 756: Child process is running
[Thu Nov 01 18:23:55 2007] [notice] Child 756: Acquired the start mutex.
[Thu Nov 01 18:23:55 2007] [notice] Child 756: Starting 250 worker threads.
[Thu Nov 01 18:31:21 2007] [notice] Apache/2.0.59 (Win32) DAV/2 PHP/5.2.3 configured -- resuming normal operations
[Thu Nov 01 18:31:21 2007] [notice] Server built: Jul 27 2006 15:55:03
[Thu Nov 01 18:31:21 2007] [notice] Parent: Created child process 4832
[Thu Nov 01 18:31:21 2007] [notice] Child 4832: Child process is running
[Thu Nov 01 18:31:21 2007] [notice] Child 4832: Acquired the start mutex.
[Thu Nov 01 18:31:21 2007] [notice] Child 4832: Starting 250 worker threads.
[Thu Nov 01 18:31:43 2007] [notice] Apache/2.0.59 (Win32) DAV/2 PHP/5.2.3 configured -- resuming normal operations
[Thu Nov 01 18:31:43 2007] [notice] Server built: Jul 27 2006 15:55:03
[Thu Nov 01 18:31:43 2007] [notice] Parent: Created child process 5588
[Thu Nov 01 18:31:43 2007] [notice] Child 5588: Child process is running
[Thu Nov 01 18:31:43 2007] [notice] Child 5588: Acquired the start mutex.
[Thu Nov 01 18:31:43 2007] [notice] Child 5588: Starting 250 worker threads.
[Thu Nov 01 18:33:21 2007] [notice] Apache/2.0.59 (Win32) DAV/2 PHP/5.2.3 configured -- resuming normal operations
[Thu Nov 01 18:33:21 2007] [notice] Server built: Jul 27 2006 15:55:03
[Thu Nov 01 18:33:21 2007] [notice] Parent: Created child process 3740
[Thu Nov 01 18:33:21 2007] [notice] Child 3740: Child process is running
[Thu Nov 01 18:33:21 2007] [notice] Child 3740: Acquired the start mutex.
[Thu Nov 01 18:33:21 2007] [notice] Child 3740: Starting 250 worker threads.
[Thu Nov 01 18:35:20 2007] [notice] Apache/2.0.59 (Win32) DAV/2 PHP/5.2.3 configured -- resuming normal operations
[Thu Nov 01 18:35:20 2007] [notice] Server built: Jul 27 2006 15:55:03
[Thu Nov 01 18:35:20 2007] [notice] Parent: Created child process 5208
[Thu Nov 01 18:35:20 2007] [notice] Child 5208: Child process is running
[Thu Nov 01 18:35:20 2007] [notice] Child 5208: Acquired the start mutex.
[Thu Nov 01 18:35:20 2007] [notice] Child 5208: Starting 250 worker threads.
[Thu Nov 01 18:36:54 2007] [notice] Apache/2.0.59 (Win32) DAV/2 PHP/5.2.3 configured -- resuming normal operations
[Thu Nov 01 18:36:54 2007] [notice] Server built: Jul 27 2006 15:55:03
[Thu Nov 01 18:36:54 2007] [notice] Parent: Created child process 4360
[Thu Nov 01 18:36:54 2007] [notice] Child 4360: Child process is running
[Thu Nov 01 18:36:54 2007] [notice] Child 4360: Acquired the start mutex.
[Thu Nov 01 18:36:54 2007] [notice] Child 4360: Starting 250 worker threads.
[Thu Nov 01 18:37:21 2007] [notice] Apache/2.0.59 (Win32) DAV/2 PHP/5.2.3 configured -- resuming normal operations
[Thu Nov 01 18:37:21 2007] [notice] Server built: Jul 27 2006 15:55:03
[Thu Nov 01 18:37:21 2007] [notice] Parent: Created child process 5760
[Thu Nov 01 18:37:21 2007] [notice] Child 5760: Child process is running
[Thu Nov 01 18:37:21 2007] [notice] Child 5760: Acquired the start mutex.
[Thu Nov 01 18:37:21 2007] [notice] Child 5760: Starting 250 worker threads.
[Thu Nov 01 18:37:42 2007] [notice] Apache/2.0.59 (Win32) DAV/2 PHP/5.2.3 configured -- resuming normal operations
[Thu Nov 01 18:37:42 2007] [notice] Server built: Jul 27 2006 15:55:03
[Thu Nov 01 18:37:42 2007] [notice] Parent: Created child process 2524
[Thu Nov 01 18:37:42 2007] [notice] Child 2524: Child process is running
[Thu Nov 01 18:37:42 2007] [notice] Child 2524: Acquired the start mutex.
[Thu Nov 01 18:37:42 2007] [notice] Child 2524: Starting 250 worker threads.
[Thu Nov 01 08:27:37 2007] [notice] Apache/2.0.59 (Win32) DAV/2 PHP/5.2.3 configured -- resuming normal operations
[Thu Nov 01 08:27:37 2007] [notice] Server built: Jul 27 2006 15:55:03
[Thu Nov 01 08:27:37 2007] [notice] Parent: Created child process 888
[Thu Nov 01 08:27:38 2007] [notice] Child 888: Child process is running
[Thu Nov 01 08:27:38 2007] [notice] Child 888: Acquired the start mutex.
[Thu Nov 01 08:27:38 2007] [notice] Child 888: Starting 250 worker threads.
[Thu Nov 01 08:29:32 2007] [notice] Apache/2.0.59 (Win32) DAV/2 PHP/5.2.3 configured -- resuming normal operations
[Thu Nov 01 08:29:32 2007] [notice] Server built: Jul 27 2006 15:55:03
[Thu Nov 01 08:29:32 2007] [notice] Parent: Created child process 4612
[Thu Nov 01 08:29:32 2007] [notice] Child 4612: Child process is running
[Thu Nov 01 08:29:32 2007] [notice] Child 4612: Acquired the start mutex.
[Thu Nov 01 08:29:32 2007] [notice] Child 4612: Starting 250 worker threads.
[Tue Nov 06 00:05:45 2007] [notice] Apache/2.0.59 (Win32) DAV/2 PHP/5.2.3 configured -- resuming normal operations
[Tue Nov 06 00:05:45 2007] [notice] Server built: Jul 27 2006 15:55:03
[Tue Nov 06 00:05:45 2007] [notice] Parent: Created child process 5600
[Tue Nov 06 00:05:45 2007] [notice] Child 5600: Child process is running
[Tue Nov 06 00:05:45 2007] [notice] Child 5600: Acquired the start mutex.
[Tue Nov 06 00:05:45 2007] [notice] Child 5600: Starting 250 worker threads.
[Tue Nov 06 00:20:16 2007] [notice] Apache/2.0.59 (Win32) DAV/2 PHP/5.2.3 configured -- resuming normal operations
[Tue Nov 06 00:20:16 2007] [notice] Server built: Jul 27 2006 15:55:03
[Tue Nov 06 00:20:16 2007] [notice] Parent: Created child process 3444
[Tue Nov 06 00:20:16 2007] [notice] Child 3444: Child process is running
[Tue Nov 06 00:20:16 2007] [notice] Child 3444: Acquired the start mutex.
[Tue Nov 06 00:20:16 2007] [notice] Child 3444: Starting 250 worker threads.
[Tue Nov 20 17:38:12 2007] [notice] Apache/2.0.59 (Win32) DAV/2 PHP/5.2.3 configured -- resuming normal operations
[Tue Nov 20 17:38:12 2007] [notice] Server built: Jul 27 2006 15:55:03
[Tue Nov 20 17:38:12 2007] [notice] Parent: Created child process 3496
[Tue Nov 20 17:38:12 2007] [notice] Child 3496: Child process is running
[Tue Nov 20 17:38:12 2007] [notice] Child 3496: Acquired the start mutex.
[Tue Nov 20 17:38:12 2007] [notice] Child 3496: Starting 250 worker threads.
[Tue Nov 20 17:38:22 2007] [notice] Apache/2.0.59 (Win32) DAV/2 PHP/5.2.3 configured -- resuming normal operations
[Tue Nov 20 17:38:22 2007] [notice] Server built: Jul 27 2006 15:55:03
[Tue Nov 20 17:38:22 2007] [crit] (20024)The given path misformatted or contained invalid characters: Parent: Failed to get the current path
[Tue Nov 20 17:38:22 2007] [crit] (20024)The given path misformatted or contained invalid characters: Parent: Failed to create the child process.
[Tue Nov 20 17:38:22 2007] [crit] (OS 6)The handle is invalid.  : master_main: create child process failed. Exiting.
[Tue Nov 20 17:38:22 2007] [notice] Parent: Forcing termination of child process 2541216 
[Tue Nov 20 17:38:31 2007] [notice] Apache/2.0.59 (Win32) DAV/2 PHP/5.2.3 configured -- resuming normal operations
[Tue Nov 20 17:38:31 2007] [notice] Server built: Jul 27 2006 15:55:03
[Tue Nov 20 17:38:31 2007] [notice] Parent: Created child process 5508
[Tue Nov 20 17:38:31 2007] [notice] Child 5508: Child process is running
[Tue Nov 20 17:38:31 2007] [notice] Child 5508: Acquired the start mutex.
[Tue Nov 20 17:38:31 2007] [notice] Child 5508: Starting 250 worker threads.
[Tue Nov 20 17:39:04 2007] [notice] Apache/2.0.59 (Win32) DAV/2 PHP/5.2.3 configured -- resuming normal operations
[Tue Nov 20 17:39:04 2007] [notice] Server built: Jul 27 2006 15:55:03
[Tue Nov 20 17:39:04 2007] [notice] Parent: Created child process 5080
[Tue Nov 20 17:39:04 2007] [notice] Child 5080: Child process is running
[Tue Nov 20 17:39:04 2007] [notice] Child 5080: Acquired the start mutex.
[Tue Nov 20 17:39:04 2007] [notice] Child 5080: Starting 250 worker threads.
[Thu Nov 22 17:54:44 2007] [notice] Apache/2.0.59 (Win32) DAV/2 PHP/5.2.3 configured -- resuming normal operations
[Thu Nov 22 17:54:44 2007] [notice] Server built: Jul 27 2006 15:55:03
[Thu Nov 22 17:54:44 2007] [notice] Parent: Created child process 5280
[Thu Nov 22 17:54:44 2007] [notice] Child 5280: Child process is running
[Thu Nov 22 17:54:44 2007] [notice] Child 5280: Acquired the start mutex.
[Thu Nov 22 17:54:44 2007] [notice] Child 5280: Starting 250 worker threads.
[Thu Nov 22 17:54:58 2007] [error] [client 127.0.0.1] PHP Fatal error:  Call to a member function FetchRow() on a non-object in W:\\www\\sahana\\inc\\handler_db.inc on line 231
[Thu Nov 22 17:58:47 2007] [notice] Apache/2.0.59 (Win32) DAV/2 PHP/5.2.3 configured -- resuming normal operations
[Thu Nov 22 17:58:47 2007] [notice] Server built: Jul 27 2006 15:55:03
[Thu Nov 22 17:58:47 2007] [notice] Parent: Created child process 4188
[Thu Nov 22 17:58:48 2007] [notice] Child 4188: Child process is running
[Thu Nov 22 17:58:48 2007] [notice] Child 4188: Acquired the start mutex.
[Thu Nov 22 17:58:48 2007] [notice] Child 4188: Starting 250 worker threads.
[Sun Nov 25 22:05:35 2007] [notice] Apache/2.0.59 (Win32) DAV/2 PHP/5.2.3 configured -- resuming normal operations
[Sun Nov 25 22:05:35 2007] [notice] Server built: Jul 27 2006 15:55:03
[Sun Nov 25 22:05:35 2007] [notice] Parent: Created child process 4656
[Sun Nov 25 22:05:35 2007] [notice] Child 4656: Child process is running
[Sun Nov 25 22:05:35 2007] [notice] Child 4656: Acquired the start mutex.
[Sun Nov 25 22:05:35 2007] [notice] Child 4656: Starting 250 worker threads.
[Mon Nov 26 00:09:59 2007] [notice] Apache/2.0.59 (Win32) DAV/2 PHP/5.2.3 configured -- resuming normal operations
[Mon Nov 26 00:09:59 2007] [notice] Server built: Jul 27 2006 15:55:03
[Mon Nov 26 00:09:59 2007] [notice] Parent: Created child process 4672
[Mon Nov 26 00:09:59 2007] [notice] Child 4672: Child process is running
[Mon Nov 26 00:09:59 2007] [notice] Child 4672: Acquired the start mutex.
[Mon Nov 26 00:09:59 2007] [notice] Child 4672: Starting 250 worker threads.
[Mon Nov 26 00:25:20 2007] [error] [client 127.0.0.1] PHP Warning:  file_get_contents(w:/www/.htaccess) [<a href='function.file-get-contents'>function.file-get-contents</a>]: failed to open stream: No such file or directory in W:\\home\\admin\\www\\security.php on line 132, referer: http://localhost/apanel/navigation.php
[Mon Nov 26 00:25:39 2007] [error] [client 127.0.0.1] PHP Warning:  file_get_contents(w:/www/.htaccess) [<a href='function.file-get-contents'>function.file-get-contents</a>]: failed to open stream: No such file or directory in W:\\home\\admin\\www\\security.php on line 132
[Mon Nov 26 00:37:24 2007] [error] [client 127.0.0.1] PHP Warning:  file_get_contents(w:/www/.htaccess) [<a href='function.file-get-contents'>function.file-get-contents</a>]: failed to open stream: No such file or directory in W:\\home\\admin\\www\\security.php on line 132, referer: http://localhost/sahana/www/index.php?mod=home&act=cfgsetup
[Mon Nov 26 01:06:52 2007] [notice] Apache/2.0.59 (Win32) DAV/2 PHP/5.2.3 configured -- resuming normal operations
[Mon Nov 26 01:06:52 2007] [notice] Server built: Jul 27 2006 15:55:03
[Mon Nov 26 01:06:52 2007] [notice] Parent: Created child process 3420
[Mon Nov 26 01:06:52 2007] [notice] Child 3420: Child process is running
[Mon Nov 26 01:06:52 2007] [notice] Child 3420: Acquired the start mutex.
[Mon Nov 26 01:06:52 2007] [notice] Child 3420: Starting 250 worker threads.
[Mon Nov 26 01:12:13 2007] [notice] Apache/2.0.59 (Win32) DAV/2 PHP/5.2.3 configured -- resuming normal operations
[Mon Nov 26 01:12:13 2007] [notice] Server built: Jul 27 2006 15:55:03
[Mon Nov 26 01:12:13 2007] [notice] Parent: Created child process 4596
[Mon Nov 26 01:12:13 2007] [notice] Child 4596: Child process is running
[Mon Nov 26 01:12:13 2007] [notice] Child 4596: Acquired the start mutex.
[Mon Nov 26 01:12:13 2007] [notice] Child 4596: Starting 250 worker threads.
[Mon Nov 26 01:19:17 2007] [error] [client 127.0.0.1] PHP Warning:  file_get_contents(w:/www/.htaccess) [<a href='function.file-get-contents'>function.file-get-contents</a>]: failed to open stream: No such file or directory in W:\\home\\admin\\www\\security.php on line 132, referer: http://localhost/apanel/navigation.php
[Mon Nov 26 01:20:59 2007] [notice] Apache/2.0.59 (Win32) DAV/2 PHP/5.2.3 configured -- resuming normal operations
[Mon Nov 26 01:20:59 2007] [notice] Server built: Jul 27 2006 15:55:03
[Mon Nov 26 01:20:59 2007] [notice] Parent: Created child process 5880
[Mon Nov 26 01:20:59 2007] [notice] Child 5880: Child process is running
[Mon Nov 26 01:20:59 2007] [notice] Child 5880: Acquired the start mutex.
[Mon Nov 26 01:20:59 2007] [notice] Child 5880: Starting 250 worker threads.
